  [1m[35m (0.1ms)[0m  [1m[34mSELECT sqlite_version(*)[0m
  ↳ /home/TylerP/.rbenv/versions/2.4.2/bin/rake:23
  [1m[35m (6.5ms)[0m  [1m[35mCREATE TABLE "schema_migrations" ("version" varchar NOT NULL PRIMARY KEY)[0m
  ↳ /home/TylerP/.rbenv/versions/2.4.2/bin/rake:23
  [1m[35m (3.0ms)[0m  [1m[35mCREATE TABLE "ar_internal_metadata" ("key" varchar NOT NULL PRIMARY KEY, "value" varchar, "created_at" datetime NOT NULL, "updated_at" datetime NOT NULL)[0m
  ↳ /home/TylerP/.rbenv/versions/2.4.2/bin/rake:23
  [1m[35m (0.5ms)[0m  [1m[34mSELECT "schema_migrations"."version" FROM "schema_migrations" ORDER BY "schema_migrations"."version" ASC[0m
  ↳ /home/TylerP/.rbenv/versions/2.4.2/bin/rake:23
Migrating to CreateDocuments (20181108163839)
  [1m[35m (0.1ms)[0m  [1m[36mbegin transaction[0m
  ↳ /home/TylerP/.rbenv/versions/2.4.2/bin/rake:23
  [1m[35m (1.2ms)[0m  [1m[35mCREATE TABLE "documents" ("id" integer PRIMARY KEY AUTOINCREMENT NOT NULL, "body" text, "title" varchar, "user_id" integer, "created_at" datetime NOT NULL, "updated_at" datetime NOT NULL)[0m
  ↳ db/migrate/20181108163839_create_documents.rb:3
  [1m[36mActiveRecord::SchemaMigration Create (0.1ms)[0m  [1m[32mINSERT INTO "schema_migrations" ("version") VALUES (?)[0m  [["version", "20181108163839"]]
  ↳ /home/TylerP/.rbenv/versions/2.4.2/bin/rake:23
  [1m[35m (1.8ms)[0m  [1m[36mcommit transaction[0m
  ↳ /home/TylerP/.rbenv/versions/2.4.2/bin/rake:23
Migrating to CreateUsers (20181108163927)
  [1m[35m (0.1ms)[0m  [1m[36mbegin transaction[0m
  ↳ /home/TylerP/.rbenv/versions/2.4.2/bin/rake:23
  [1m[35m (1.4ms)[0m  [1m[35mCREATE TABLE "users" ("id" integer PRIMARY KEY AUTOINCREMENT NOT NULL, "email" varchar, "password_digest" varchar, "created_at" datetime NOT NULL, "updated_at" datetime NOT NULL)[0m
  ↳ db/migrate/20181108163927_create_users.rb:3
  [1m[36mActiveRecord::SchemaMigration Create (0.2ms)[0m  [1m[32mINSERT INTO "schema_migrations" ("version") VALUES (?)[0m  [["version", "20181108163927"]]
  ↳ /home/TylerP/.rbenv/versions/2.4.2/bin/rake:23
  [1m[35m (2.0ms)[0m  [1m[36mcommit transaction[0m
  ↳ /home/TylerP/.rbenv/versions/2.4.2/bin/rake:23
  [1m[36mActiveRecord::InternalMetadata Load (0.5ms)[0m  [1m[34mSELECT  "ar_internal_metadata".* FROM "ar_internal_metadata" WHERE "ar_internal_metadata"."key" = ? LIMIT ?[0m  [["key", "environment"], ["LIMIT", 1]]
  ↳ /home/TylerP/.rbenv/versions/2.4.2/bin/rake:23
  [1m[35m (0.1ms)[0m  [1m[36mbegin transaction[0m
  ↳ /home/TylerP/.rbenv/versions/2.4.2/bin/rake:23
  [1m[36mActiveRecord::InternalMetadata Create (1.3ms)[0m  [1m[32mINSERT INTO "ar_internal_metadata" ("key", "value", "created_at", "updated_at") VALUES (?, ?, ?, ?)[0m  [["key", "environment"], ["value", "development"], ["created_at", "2018-11-08 16:40:43.872283"], ["updated_at", "2018-11-08 16:40:43.872283"]]
  ↳ /home/TylerP/.rbenv/versions/2.4.2/bin/rake:23
  [1m[35m (3.6ms)[0m  [1m[36mcommit transaction[0m
  ↳ /home/TylerP/.rbenv/versions/2.4.2/bin/rake:23
  [1m[35m (0.6ms)[0m  [1m[34mSELECT "schema_migrations"."version" FROM "schema_migrations" ORDER BY "schema_migrations"."version" ASC[0m
  ↳ /home/TylerP/.rbenv/versions/2.4.2/bin/rake:23
Started GET "/" for ::1 at 2018-11-08 10:59:53 -0600
  [1m[35m (0.4ms)[0m  [1m[34mSELECT "schema_migrations"."version" FROM "schema_migrations" ORDER BY "schema_migrations"."version" ASC[0m
  ↳ /home/TylerP/.rbenv/versions/2.4.2/lib/ruby/gems/2.4.0/gems/activerecord-5.2.1/lib/active_record/log_subscriber.rb:98
Processing by Rails::WelcomeController#index as HTML
  Rendering /home/TylerP/.rbenv/versions/2.4.2/lib/ruby/gems/2.4.0/gems/railties-5.2.1/lib/rails/templates/rails/welcome/index.html.erb
  Rendered /home/TylerP/.rbenv/versions/2.4.2/lib/ruby/gems/2.4.0/gems/railties-5.2.1/lib/rails/templates/rails/welcome/index.html.erb (9.5ms)
Completed 200 OK in 54ms (Views: 40.8ms | ActiveRecord: 0.0ms)


Started GET "/favicon.ico" for ::1 at 2018-11-08 10:59:53 -0600
  
ActionController::RoutingError (No route matches [GET] "/favicon.ico"):
  
actionpack (5.2.1) lib/action_dispatch/middleware/debug_exceptions.rb:65:in `call'
actionpack (5.2.1) lib/action_dispatch/middleware/show_exceptions.rb:33:in `call'
railties (5.2.1) lib/rails/rack/logger.rb:38:in `call_app'
railties (5.2.1) lib/rails/rack/logger.rb:26:in `block in call'
activesupport (5.2.1) lib/active_support/tagged_logging.rb:71:in `block in tagged'
activesupport (5.2.1) lib/active_support/tagged_logging.rb:28:in `tagged'
activesupport (5.2.1) lib/active_support/tagged_logging.rb:71:in `tagged'
railties (5.2.1) lib/rails/rack/logger.rb:26:in `call'
actionpack (5.2.1) lib/action_dispatch/middleware/remote_ip.rb:81:in `call'
actionpack (5.2.1) lib/action_dispatch/middleware/request_id.rb:27:in `call'
rack (2.0.6) lib/rack/runtime.rb:22:in `call'
activesupport (5.2.1) lib/active_support/cache/strategy/local_cache_middleware.rb:29:in `call'
actionpack (5.2.1) lib/action_dispatch/middleware/executor.rb:14:in `call'
actionpack (5.2.1) lib/action_dispatch/middleware/static.rb:127:in `call'
rack (2.0.6) lib/rack/sendfile.rb:111:in `call'
railties (5.2.1) lib/rails/engine.rb:524:in `call'
puma (3.12.0) lib/puma/configuration.rb:225:in `call'
puma (3.12.0) lib/puma/server.rb:658:in `handle_request'
puma (3.12.0) lib/puma/server.rb:472:in `process_client'
puma (3.12.0) lib/puma/server.rb:332:in `block in run'
puma (3.12.0) lib/puma/thread_pool.rb:133:in `block in spawn_thread'
  [1m[35m (0.2ms)[0m  [1m[34mSELECT "schema_migrations"."version" FROM "schema_migrations" ORDER BY "schema_migrations"."version" ASC[0m
  ↳ bin/rails:9
  [1m[35m (0.1ms)[0m  [1m[36mbegin transaction[0m
  ↳ db/seeds.rb:10
  [1m[36mDocument Create (1.3ms)[0m  [1m[32mINSERT INTO "documents" ("body", "title", "created_at", "updated_at") VALUES (?, ?, ?, ?)[0m  [["body", "Made of chocolate"], ["title", "A new cake recipe"], ["created_at", "2018-11-08 17:00:35.479292"], ["updated_at", "2018-11-08 17:00:35.479292"]]
  ↳ db/seeds.rb:10
  [1m[35m (2.3ms)[0m  [1m[36mcommit transaction[0m
  ↳ db/seeds.rb:10
  [1m[35m (0.1ms)[0m  [1m[36mbegin transaction[0m
  ↳ db/seeds.rb:10
  [1m[36mDocument Create (1.2ms)[0m  [1m[32mINSERT INTO "documents" ("body", "title", "created_at", "updated_at") VALUES (?, ?, ?, ?)[0m  [["body", "Only for replying to mentions and DMs"], ["title", "A twitter client idea"], ["created_at", "2018-11-08 17:00:35.486446"], ["updated_at", "2018-11-08 17:00:35.486446"]]
  ↳ db/seeds.rb:10
  [1m[35m (1.9ms)[0m  [1m[36mcommit transaction[0m
  ↳ db/seeds.rb:10
  [1m[35m (0.1ms)[0m  [1m[36mbegin transaction[0m
  ↳ db/seeds.rb:10
  [1m[36mDocument Create (1.2ms)[0m  [1m[32mINSERT INTO "documents" ("body", "title", "created_at", "updated_at") VALUES (?, ?, ?, ?)[0m  [["body", "A mafia crime drama starring Berlusconi"], ["title", "A novel set in Italy"], ["created_at", "2018-11-08 17:00:35.492944"], ["updated_at", "2018-11-08 17:00:35.492944"]]
  ↳ db/seeds.rb:10
  [1m[35m (1.9ms)[0m  [1m[36mcommit transaction[0m
  ↳ db/seeds.rb:10
  [1m[35m (0.0ms)[0m  [1m[36mbegin transaction[0m
  ↳ db/seeds.rb:10
  [1m[36mDocument Create (1.5ms)[0m  [1m[32mINSERT INTO "documents" ("body", "title", "created_at", "updated_at") VALUES (?, ?, ?, ?)[0m  [["body", "Like Uno but involves drinking"], ["title", "Card game design"], ["created_at", "2018-11-08 17:00:35.498939"], ["updated_at", "2018-11-08 17:00:35.498939"]]
  ↳ db/seeds.rb:10
  [1m[35m (1.5ms)[0m  [1m[36mcommit transaction[0m
  ↳ db/seeds.rb:10
Started GET "/" for ::1 at 2018-11-08 11:00:47 -0600
  [1m[35m (0.6ms)[0m  [1m[34mSELECT "schema_migrations"."version" FROM "schema_migrations" ORDER BY "schema_migrations"."version" ASC[0m
  ↳ /home/TylerP/.rbenv/versions/2.4.2/lib/ruby/gems/2.4.0/gems/activerecord-5.2.1/lib/active_record/log_subscriber.rb:98
Processing by Rails::WelcomeController#index as HTML
  Rendering /home/TylerP/.rbenv/versions/2.4.2/lib/ruby/gems/2.4.0/gems/railties-5.2.1/lib/rails/templates/rails/welcome/index.html.erb
  Rendered /home/TylerP/.rbenv/versions/2.4.2/lib/ruby/gems/2.4.0/gems/railties-5.2.1/lib/rails/templates/rails/welcome/index.html.erb (3.5ms)
Completed 200 OK in 13ms (Views: 11.6ms | ActiveRecord: 0.0ms)


Started GET "/" for ::1 at 2018-11-08 11:00:55 -0600
Processing by Rails::WelcomeController#index as HTML
  Rendering /home/TylerP/.rbenv/versions/2.4.2/lib/ruby/gems/2.4.0/gems/railties-5.2.1/lib/rails/templates/rails/welcome/index.html.erb
  Rendered /home/TylerP/.rbenv/versions/2.4.2/lib/ruby/gems/2.4.0/gems/railties-5.2.1/lib/rails/templates/rails/welcome/index.html.erb (3.8ms)
Completed 200 OK in 9ms (Views: 7.6ms | ActiveRecord: 0.0ms)


Started GET "/" for ::1 at 2018-11-08 11:01:58 -0600
Processing by Rails::WelcomeController#index as HTML
  Rendering /home/TylerP/.rbenv/versions/2.4.2/lib/ruby/gems/2.4.0/gems/railties-5.2.1/lib/rails/templates/rails/welcome/index.html.erb
  Rendered /home/TylerP/.rbenv/versions/2.4.2/lib/ruby/gems/2.4.0/gems/railties-5.2.1/lib/rails/templates/rails/welcome/index.html.erb (3.1ms)
Completed 200 OK in 8ms (Views: 5.8ms | ActiveRecord: 0.0ms)


Started GET "/index" for ::1 at 2018-11-08 11:02:10 -0600
  
ActionController::RoutingError (No route matches [GET] "/index"):
  
actionpack (5.2.1) lib/action_dispatch/middleware/debug_exceptions.rb:65:in `call'
actionpack (5.2.1) lib/action_dispatch/middleware/show_exceptions.rb:33:in `call'
railties (5.2.1) lib/rails/rack/logger.rb:38:in `call_app'
railties (5.2.1) lib/rails/rack/logger.rb:26:in `block in call'
activesupport (5.2.1) lib/active_support/tagged_logging.rb:71:in `block in tagged'
activesupport (5.2.1) lib/active_support/tagged_logging.rb:28:in `tagged'
activesupport (5.2.1) lib/active_support/tagged_logging.rb:71:in `tagged'
railties (5.2.1) lib/rails/rack/logger.rb:26:in `call'
actionpack (5.2.1) lib/action_dispatch/middleware/remote_ip.rb:81:in `call'
actionpack (5.2.1) lib/action_dispatch/middleware/request_id.rb:27:in `call'
rack (2.0.6) lib/rack/runtime.rb:22:in `call'
activesupport (5.2.1) lib/active_support/cache/strategy/local_cache_middleware.rb:29:in `call'
actionpack (5.2.1) lib/action_dispatch/middleware/executor.rb:14:in `call'
actionpack (5.2.1) lib/action_dispatch/middleware/static.rb:127:in `call'
rack (2.0.6) lib/rack/sendfile.rb:111:in `call'
railties (5.2.1) lib/rails/engine.rb:524:in `call'
puma (3.12.0) lib/puma/configuration.rb:225:in `call'
puma (3.12.0) lib/puma/server.rb:658:in `handle_request'
puma (3.12.0) lib/puma/server.rb:472:in `process_client'
puma (3.12.0) lib/puma/server.rb:332:in `block in run'
puma (3.12.0) lib/puma/thread_pool.rb:133:in `block in spawn_thread'
Started GET "/documents" for ::1 at 2018-11-08 11:02:21 -0600
  
SyntaxError (/mnt/c/Users/tyler/Desktop/school_labs/final_projects/rich_text_editor/app/controllers/documents_controller.rb:7: syntax error, unexpected keyword_end, expecting end-of-input):
  
app/controllers/documents_controller.rb:7: syntax error, unexpected keyword_end, expecting end-of-input
Started GET "/documents" for ::1 at 2018-11-08 11:02:39 -0600
Processing by DocumentsController#index as HTML
  [1m[36mDocument Load (0.6ms)[0m  [1m[34mSELECT "documents".* FROM "documents"[0m
  ↳ app/controllers/documents_controller.rb:4
Completed 200 OK in 21ms (Views: 16.5ms | ActiveRecord: 2.3ms)


Started GET "/users" for ::1 at 2018-11-08 11:06:05 -0600
Processing by UsersController#index as HTML
  [1m[36mUser Load (0.3ms)[0m  [1m[34mSELECT "users".* FROM "users"[0m
  ↳ app/controllers/users_controller.rb:4
Completed 200 OK in 8ms (Views: 1.8ms | ActiveRecord: 1.0ms)


Started GET "/documents" for ::1 at 2018-11-08 11:12:23 -0600
  [1m[35m (0.5ms)[0m  [1m[34mSELECT "schema_migrations"."version" FROM "schema_migrations" ORDER BY "schema_migrations"."version" ASC[0m
  ↳ /home/TylerP/.rbenv/versions/2.4.2/lib/ruby/gems/2.4.0/gems/activerecord-5.2.1/lib/active_record/log_subscriber.rb:98
Processing by DocumentsController#index as HTML
  [1m[36mDocument Load (0.4ms)[0m  [1m[34mSELECT "documents".* FROM "documents"[0m
  ↳ app/controllers/documents_controller.rb:4
Completed 200 OK in 14ms (Views: 8.8ms | ActiveRecord: 1.7ms)


Started GET "/documents" for ::1 at 2018-11-08 11:12:34 -0600
Processing by DocumentsController#index as HTML
  [1m[36mDocument Load (0.3ms)[0m  [1m[34mSELECT "documents".* FROM "documents"[0m
  ↳ app/controllers/documents_controller.rb:4
Completed 200 OK in 3ms (Views: 2.8ms | ActiveRecord: 0.3ms)


Started GET "/documents" for ::1 at 2018-11-08 11:12:37 -0600
Processing by DocumentsController#index as HTML
  [1m[36mDocument Load (0.5ms)[0m  [1m[34mSELECT "documents".* FROM "documents"[0m
  ↳ app/controllers/documents_controller.rb:4
Completed 200 OK in 3ms (Views: 2.4ms | ActiveRecord: 0.5ms)


Started GET "/documents" for ::1 at 2018-11-08 11:12:44 -0600
Processing by DocumentsController#index as HTML
  [1m[36mDocument Load (0.4ms)[0m  [1m[34mSELECT "documents".* FROM "documents"[0m
  ↳ app/controllers/documents_controller.rb:4
Completed 200 OK in 3ms (Views: 2.3ms | ActiveRecord: 0.4ms)


  [1m[35m (0.7ms)[0m  [1m[34mSELECT "schema_migrations"."version" FROM "schema_migrations" ORDER BY "schema_migrations"."version" ASC[0m
  ↳ /home/TylerP/.rbenv/versions/2.4.2/bin/rake:23
  [1m[35m (0.1ms)[0m  [1m[36mbegin transaction[0m
  ↳ db/seeds.rb:9
  [1m[36mDocument Create (1.3ms)[0m  [1m[32mINSERT INTO "documents" ("body", "title", "created_at", "updated_at") VALUES (?, ?, ?, ?)[0m  [["body", "Made of chocolate"], ["title", "A new cake recipe"], ["created_at", "2018-11-08 17:48:30.896965"], ["updated_at", "2018-11-08 17:48:30.896965"]]
  ↳ db/seeds.rb:9
  [1m[35m (2.3ms)[0m  [1m[36mcommit transaction[0m
  ↳ db/seeds.rb:9
  [1m[35m (0.1ms)[0m  [1m[36mbegin transaction[0m
  ↳ db/seeds.rb:9
  [1m[36mDocument Create (1.2ms)[0m  [1m[32mINSERT INTO "documents" ("body", "title", "created_at", "updated_at") VALUES (?, ?, ?, ?)[0m  [["body", "Only for replying to mentions and DMs"], ["title", "A twitter client idea"], ["created_at", "2018-11-08 17:48:30.903988"], ["updated_at", "2018-11-08 17:48:30.903988"]]
  ↳ db/seeds.rb:9
  [1m[35m (1.6ms)[0m  [1m[36mcommit transaction[0m
  ↳ db/seeds.rb:9
  [1m[35m (0.1ms)[0m  [1m[36mbegin transaction[0m
  ↳ db/seeds.rb:9
  [1m[36mDocument Create (1.0ms)[0m  [1m[32mINSERT INTO "documents" ("body", "title", "created_at", "updated_at") VALUES (?, ?, ?, ?)[0m  [["body", "A mafia crime drama starring Berlusconi"], ["title", "A novel set in Italy"], ["created_at", "2018-11-08 17:48:30.910990"], ["updated_at", "2018-11-08 17:48:30.910990"]]
  ↳ db/seeds.rb:9
  [1m[35m (1.6ms)[0m  [1m[36mcommit transaction[0m
  ↳ db/seeds.rb:9
  [1m[35m (0.1ms)[0m  [1m[36mbegin transaction[0m
  ↳ db/seeds.rb:9
  [1m[36mDocument Create (1.2ms)[0m  [1m[32mINSERT INTO "documents" ("body", "title", "created_at", "updated_at") VALUES (?, ?, ?, ?)[0m  [["body", "Like Uno but involves drinking"], ["title", "Card game design"], ["created_at", "2018-11-08 17:48:30.918592"], ["updated_at", "2018-11-08 17:48:30.918592"]]
  ↳ db/seeds.rb:9
  [1m[35m (1.7ms)[0m  [1m[36mcommit transaction[0m
  ↳ db/seeds.rb:9
Started GET "/" for 127.0.0.1 at 2018-11-12 10:44:44 -0600
  [1m[35m (0.5ms)[0m  [1m[34mSELECT "schema_migrations"."version" FROM "schema_migrations" ORDER BY "schema_migrations"."version" ASC[0m
  ↳ /home/TylerP/.rbenv/versions/2.4.2/lib/ruby/gems/2.4.0/gems/activerecord-5.2.1/lib/active_record/log_subscriber.rb:98
Processing by Rails::WelcomeController#index as HTML
  Rendering /home/TylerP/.rbenv/versions/2.4.2/lib/ruby/gems/2.4.0/gems/railties-5.2.1/lib/rails/templates/rails/welcome/index.html.erb
  Rendered /home/TylerP/.rbenv/versions/2.4.2/lib/ruby/gems/2.4.0/gems/railties-5.2.1/lib/rails/templates/rails/welcome/index.html.erb (4.4ms)
Completed 200 OK in 30ms (Views: 18.1ms | ActiveRecord: 0.0ms)


Started GET "/documents" for 127.0.0.1 at 2018-11-12 10:44:49 -0600
  
ActionController::RoutingError (undefined local variable or method `params' for DocumentsController:Class):
  
app/controllers/documents_controller.rb:14:in `<class:DocumentsController>'
app/controllers/documents_controller.rb:1:in `<main>'
Started GET "/documents" for 127.0.0.1 at 2018-11-12 10:45:49 -0600
Processing by DocumentsController#index as HTML
  [1m[36mDocument Load (0.4ms)[0m  [1m[34mSELECT "documents".* FROM "documents"[0m
  ↳ app/controllers/documents_controller.rb:4
Completed 200 OK in 21ms (Views: 14.9ms | ActiveRecord: 3.3ms)


Started GET "/favicon.ico" for 127.0.0.1 at 2018-11-12 10:45:59 -0600
  
ActionController::RoutingError (No route matches [GET] "/favicon.ico"):
  
actionpack (5.2.1) lib/action_dispatch/middleware/debug_exceptions.rb:65:in `call'
actionpack (5.2.1) lib/action_dispatch/middleware/show_exceptions.rb:33:in `call'
railties (5.2.1) lib/rails/rack/logger.rb:38:in `call_app'
railties (5.2.1) lib/rails/rack/logger.rb:26:in `block in call'
activesupport (5.2.1) lib/active_support/tagged_logging.rb:71:in `block in tagged'
activesupport (5.2.1) lib/active_support/tagged_logging.rb:28:in `tagged'
activesupport (5.2.1) lib/active_support/tagged_logging.rb:71:in `tagged'
railties (5.2.1) lib/rails/rack/logger.rb:26:in `call'
actionpack (5.2.1) lib/action_dispatch/middleware/remote_ip.rb:81:in `call'
actionpack (5.2.1) lib/action_dispatch/middleware/request_id.rb:27:in `call'
rack (2.0.6) lib/rack/runtime.rb:22:in `call'
activesupport (5.2.1) lib/active_support/cache/strategy/local_cache_middleware.rb:29:in `call'
actionpack (5.2.1) lib/action_dispatch/middleware/executor.rb:14:in `call'
actionpack (5.2.1) lib/action_dispatch/middleware/static.rb:127:in `call'
rack (2.0.6) lib/rack/sendfile.rb:111:in `call'
rack-cors (1.0.2) lib/rack/cors.rb:97:in `call'
railties (5.2.1) lib/rails/engine.rb:524:in `call'
puma (3.12.0) lib/puma/configuration.rb:225:in `call'
puma (3.12.0) lib/puma/server.rb:658:in `handle_request'
puma (3.12.0) lib/puma/server.rb:472:in `process_client'
puma (3.12.0) lib/puma/server.rb:332:in `block in run'
puma (3.12.0) lib/puma/thread_pool.rb:133:in `block in spawn_thread'
Started GET "/documents" for 127.0.0.1 at 2018-11-12 10:46:45 -0600
Processing by DocumentsController#index as HTML
  [1m[36mDocument Load (0.5ms)[0m  [1m[34mSELECT "documents".* FROM "documents"[0m
  ↳ app/controllers/documents_controller.rb:4
Completed 200 OK in 7ms (Views: 6.6ms | ActiveRecord: 0.5ms)


Started GET "/documents" for 127.0.0.1 at 2018-11-12 10:47:55 -0600
  [1m[35m (0.3ms)[0m  [1m[34mSELECT "schema_migrations"."version" FROM "schema_migrations" ORDER BY "schema_migrations"."version" ASC[0m
  ↳ /home/TylerP/.rbenv/versions/2.4.2/lib/ruby/gems/2.4.0/gems/activerecord-5.2.1/lib/active_record/log_subscriber.rb:98
Processing by DocumentsController#index as HTML
  [1m[36mDocument Load (0.5ms)[0m  [1m[34mSELECT "documents".* FROM "documents"[0m
  ↳ app/controllers/documents_controller.rb:4
Completed 200 OK in 16ms (Views: 10.1ms | ActiveRecord: 2.4ms)


Started GET "/documents" for ::1 at 2018-11-12 15:24:30 -0600
  [1m[35m (0.4ms)[0m  [1m[34mSELECT "schema_migrations"."version" FROM "schema_migrations" ORDER BY "schema_migrations"."version" ASC[0m
  ↳ /home/TylerP/.rbenv/versions/2.4.2/lib/ruby/gems/2.4.0/gems/activerecord-5.2.1/lib/active_record/log_subscriber.rb:98
Processing by DocumentsController#index as HTML
  [1m[36mDocument Load (0.3ms)[0m  [1m[34mSELECT "documents".* FROM "documents"[0m
  ↳ app/controllers/documents_controller.rb:4
Completed 200 OK in 13ms (Views: 9.3ms | ActiveRecord: 1.8ms)


Started GET "/favicon.ico" for ::1 at 2018-11-12 15:24:30 -0600
  
ActionController::RoutingError (No route matches [GET] "/favicon.ico"):
  
actionpack (5.2.1) lib/action_dispatch/middleware/debug_exceptions.rb:65:in `call'
actionpack (5.2.1) lib/action_dispatch/middleware/show_exceptions.rb:33:in `call'
railties (5.2.1) lib/rails/rack/logger.rb:38:in `call_app'
railties (5.2.1) lib/rails/rack/logger.rb:26:in `block in call'
activesupport (5.2.1) lib/active_support/tagged_logging.rb:71:in `block in tagged'
activesupport (5.2.1) lib/active_support/tagged_logging.rb:28:in `tagged'
activesupport (5.2.1) lib/active_support/tagged_logging.rb:71:in `tagged'
railties (5.2.1) lib/rails/rack/logger.rb:26:in `call'
actionpack (5.2.1) lib/action_dispatch/middleware/remote_ip.rb:81:in `call'
actionpack (5.2.1) lib/action_dispatch/middleware/request_id.rb:27:in `call'
rack (2.0.6) lib/rack/runtime.rb:22:in `call'
activesupport (5.2.1) lib/active_support/cache/strategy/local_cache_middleware.rb:29:in `call'
actionpack (5.2.1) lib/action_dispatch/middleware/executor.rb:14:in `call'
actionpack (5.2.1) lib/action_dispatch/middleware/static.rb:127:in `call'
rack (2.0.6) lib/rack/sendfile.rb:111:in `call'
rack-cors (1.0.2) lib/rack/cors.rb:97:in `call'
railties (5.2.1) lib/rails/engine.rb:524:in `call'
puma (3.12.0) lib/puma/configuration.rb:225:in `call'
puma (3.12.0) lib/puma/server.rb:658:in `handle_request'
puma (3.12.0) lib/puma/server.rb:472:in `process_client'
puma (3.12.0) lib/puma/server.rb:332:in `block in run'
puma (3.12.0) lib/puma/thread_pool.rb:133:in `block in spawn_thread'
Started GET "/documents" for ::1 at 2018-11-12 15:24:49 -0600
Processing by DocumentsController#index as HTML
  [1m[36mDocument Load (0.5ms)[0m  [1m[34mSELECT "documents".* FROM "documents"[0m
  ↳ app/controllers/documents_controller.rb:4
Completed 200 OK in 5ms (Views: 4.1ms | ActiveRecord: 0.5ms)


Started GET "/documents" for ::1 at 2018-11-12 15:25:11 -0600
Processing by DocumentsController#index as HTML
  [1m[36mDocument Load (0.7ms)[0m  [1m[34mSELECT "documents".* FROM "documents"[0m
  ↳ app/controllers/documents_controller.rb:4
Completed 200 OK in 4ms (Views: 3.1ms | ActiveRecord: 0.7ms)


Started GET "/documents" for ::1 at 2018-11-12 15:25:13 -0600
Processing by DocumentsController#index as HTML
  [1m[36mDocument Load (0.3ms)[0m  [1m[34mSELECT "documents".* FROM "documents"[0m
  ↳ app/controllers/documents_controller.rb:4
Completed 200 OK in 3ms (Views: 2.6ms | ActiveRecord: 0.3ms)


Started GET "/documents" for ::1 at 2018-11-12 15:25:18 -0600
Processing by DocumentsController#index as HTML
  [1m[36mDocument Load (0.5ms)[0m  [1m[34mSELECT "documents".* FROM "documents"[0m
  ↳ app/controllers/documents_controller.rb:4
Completed 200 OK in 4ms (Views: 3.0ms | ActiveRecord: 0.5ms)


Started GET "/documents" for ::1 at 2018-11-12 15:25:24 -0600
Processing by DocumentsController#index as HTML
  [1m[36mDocument Load (0.3ms)[0m  [1m[34mSELECT "documents".* FROM "documents"[0m
  ↳ app/controllers/documents_controller.rb:4
Completed 200 OK in 6ms (Views: 5.4ms | ActiveRecord: 0.3ms)


Started GET "/documents" for ::1 at 2018-11-12 15:28:42 -0600
Processing by DocumentsController#index as HTML
  [1m[36mDocument Load (1.6ms)[0m  [1m[34mSELECT "documents".* FROM "documents"[0m
  ↳ app/controllers/documents_controller.rb:4
Completed 200 OK in 18ms (Views: 16.1ms | ActiveRecord: 1.6ms)


Started GET "/" for ::1 at 2018-11-12 15:28:49 -0600
Processing by Rails::WelcomeController#index as HTML
  Rendering /home/TylerP/.rbenv/versions/2.4.2/lib/ruby/gems/2.4.0/gems/railties-5.2.1/lib/rails/templates/rails/welcome/index.html.erb
  Rendered /home/TylerP/.rbenv/versions/2.4.2/lib/ruby/gems/2.4.0/gems/railties-5.2.1/lib/rails/templates/rails/welcome/index.html.erb (3.3ms)
Completed 200 OK in 11ms (Views: 8.6ms | ActiveRecord: 0.0ms)


Started GET "/api/v1/documents" for ::1 at 2018-11-12 15:33:25 -0600
Processing by Api::V1::DocumentsController#index as HTML
  [1m[36mDocument Load (0.7ms)[0m  [1m[34mSELECT "documents".* FROM "documents"[0m
  ↳ app/controllers/api/v1/documents_controller.rb:5
Completed 200 OK in 15ms (Views: 7.9ms | ActiveRecord: 2.6ms)


Started GET "/api/v1/documentssdgds" for ::1 at 2018-11-12 15:33:30 -0600
  
ActionController::RoutingError (No route matches [GET] "/api/v1/documentssdgds"):
  
actionpack (5.2.1) lib/action_dispatch/middleware/debug_exceptions.rb:65:in `call'
actionpack (5.2.1) lib/action_dispatch/middleware/show_exceptions.rb:33:in `call'
railties (5.2.1) lib/rails/rack/logger.rb:38:in `call_app'
railties (5.2.1) lib/rails/rack/logger.rb:26:in `block in call'
activesupport (5.2.1) lib/active_support/tagged_logging.rb:71:in `block in tagged'
activesupport (5.2.1) lib/active_support/tagged_logging.rb:28:in `tagged'
activesupport (5.2.1) lib/active_support/tagged_logging.rb:71:in `tagged'
railties (5.2.1) lib/rails/rack/logger.rb:26:in `call'
actionpack (5.2.1) lib/action_dispatch/middleware/remote_ip.rb:81:in `call'
actionpack (5.2.1) lib/action_dispatch/middleware/request_id.rb:27:in `call'
rack (2.0.6) lib/rack/runtime.rb:22:in `call'
activesupport (5.2.1) lib/active_support/cache/strategy/local_cache_middleware.rb:29:in `call'
actionpack (5.2.1) lib/action_dispatch/middleware/executor.rb:14:in `call'
actionpack (5.2.1) lib/action_dispatch/middleware/static.rb:127:in `call'
rack (2.0.6) lib/rack/sendfile.rb:111:in `call'
rack-cors (1.0.2) lib/rack/cors.rb:97:in `call'
railties (5.2.1) lib/rails/engine.rb:524:in `call'
puma (3.12.0) lib/puma/configuration.rb:225:in `call'
puma (3.12.0) lib/puma/server.rb:658:in `handle_request'
puma (3.12.0) lib/puma/server.rb:472:in `process_client'
puma (3.12.0) lib/puma/server.rb:332:in `block in run'
puma (3.12.0) lib/puma/thread_pool.rb:133:in `block in spawn_thread'
Started GET "/api/v1/documents" for ::1 at 2018-11-12 15:33:32 -0600
Processing by Api::V1::DocumentsController#index as HTML
  [1m[36mDocument Load (0.4ms)[0m  [1m[34mSELECT "documents".* FROM "documents"[0m
  ↳ app/controllers/api/v1/documents_controller.rb:5
Completed 200 OK in 4ms (Views: 3.7ms | ActiveRecord: 0.4ms)


Started GET "/api/v1/documents" for ::1 at 2018-11-12 15:38:32 -0600
Processing by Api::V1::DocumentsController#index as HTML
  [1m[36mDocument Load (0.4ms)[0m  [1m[34mSELECT "documents".* FROM "documents"[0m
  ↳ app/controllers/api/v1/documents_controller.rb:5
Completed 200 OK in 43ms (Views: 6.4ms | ActiveRecord: 2.3ms)


Started GET "/documents" for ::1 at 2018-11-12 15:49:22 -0600
  
ActionController::RoutingError (No route matches [GET] "/documents"):
  
actionpack (5.2.1) lib/action_dispatch/middleware/debug_exceptions.rb:65:in `call'
actionpack (5.2.1) lib/action_dispatch/middleware/show_exceptions.rb:33:in `call'
railties (5.2.1) lib/rails/rack/logger.rb:38:in `call_app'
railties (5.2.1) lib/rails/rack/logger.rb:26:in `block in call'
activesupport (5.2.1) lib/active_support/tagged_logging.rb:71:in `block in tagged'
activesupport (5.2.1) lib/active_support/tagged_logging.rb:28:in `tagged'
activesupport (5.2.1) lib/active_support/tagged_logging.rb:71:in `tagged'
railties (5.2.1) lib/rails/rack/logger.rb:26:in `call'
actionpack (5.2.1) lib/action_dispatch/middleware/remote_ip.rb:81:in `call'
actionpack (5.2.1) lib/action_dispatch/middleware/request_id.rb:27:in `call'
rack (2.0.6) lib/rack/runtime.rb:22:in `call'
activesupport (5.2.1) lib/active_support/cache/strategy/local_cache_middleware.rb:29:in `call'
actionpack (5.2.1) lib/action_dispatch/middleware/executor.rb:14:in `call'
actionpack (5.2.1) lib/action_dispatch/middleware/static.rb:127:in `call'
rack (2.0.6) lib/rack/sendfile.rb:111:in `call'
rack-cors (1.0.2) lib/rack/cors.rb:97:in `call'
railties (5.2.1) lib/rails/engine.rb:524:in `call'
puma (3.12.0) lib/puma/configuration.rb:225:in `call'
puma (3.12.0) lib/puma/server.rb:658:in `handle_request'
puma (3.12.0) lib/puma/server.rb:472:in `process_client'
puma (3.12.0) lib/puma/server.rb:332:in `block in run'
puma (3.12.0) lib/puma/thread_pool.rb:133:in `block in spawn_thread'
Started GET "/api/v1/documents" for ::1 at 2018-11-12 15:49:31 -0600
Processing by Api::V1::DocumentsController#index as HTML
  [1m[36mDocument Load (0.3ms)[0m  [1m[34mSELECT "documents".* FROM "documents"[0m
  ↳ app/controllers/api/v1/documents_controller.rb:5
Completed 200 OK in 11ms (Views: 5.8ms | ActiveRecord: 1.6ms)


Started GET "/api/v1/documents" for ::1 at 2018-11-12 15:58:18 -0600
Processing by Api::V1::DocumentsController#index as HTML
  [1m[36mDocument Load (0.4ms)[0m  [1m[34mSELECT "documents".* FROM "documents"[0m
  ↳ app/controllers/api/v1/documents_controller.rb:5
Completed 200 OK in 3ms (Views: 2.1ms | ActiveRecord: 0.4ms)


